{"/Users/dana/audio-queue/backend/src/lib/prisma.ts": {"path":"/Users/dana/audio-queue/backend/src/lib/prisma.ts","statementMap":{"0":{"start":{"line":9,"column":2},"end":{"line":14,"column":null}},"1":{"start":{"line":10,"column":4},"end":{"line":10,"column":null}},"2":{"start":{"line":12,"column":4},"end":{"line":12,"column":null}},"3":{"start":{"line":13,"column":4},"end":{"line":13,"column":null}},"4":{"start":{"line":18,"column":2},"end":{"line":18,"column":null}}},"fnMap":{"0":{"name":"createClient","decl":{"start":{"line":8,"column":9},"end":{"line":8,"column":38}},"loc":{"start":{"line":8,"column":38},"end":{"line":15,"column":null}},"line":8}},"branchMap":{"0":{"loc":{"start":{"line":18,"column":2},"end":{"line":18,"column":null}},"type":"binary-expr","locations":[{"start":{"line":18,"column":2},"end":{"line":18,"column":21}},{"start":{"line":18,"column":21},"end":{"line":18,"column":null}}],"line":18}},"s":{"0":0,"1":0,"2":0,"3":0,"4":0},"f":{"0":0},"b":{"0":[0,0]},"meta":{"lastBranch":1,"lastFunction":1,"lastStatement":5,"seen":{"f:8:9:8:38":0,"s:9:2:14:Infinity":0,"s:10:4:10:Infinity":1,"s:12:4:12:Infinity":2,"s:13:4:13:Infinity":3,"s:18:2:18:Infinity":4,"b:18:2:18:21:18:21:18:Infinity":0}}}
,"/Users/dana/audio-queue/backend/src/middleware/auth.ts": {"path":"/Users/dana/audio-queue/backend/src/middleware/auth.ts","statementMap":{"0":{"start":{"line":14,"column":17},"end":{"line":14,"column":null}},"1":{"start":{"line":15,"column":2},"end":{"line":18,"column":null}},"2":{"start":{"line":16,"column":4},"end":{"line":16,"column":null}},"3":{"start":{"line":17,"column":4},"end":{"line":17,"column":null}},"4":{"start":{"line":20,"column":16},"end":{"line":20,"column":null}},"5":{"start":{"line":21,"column":17},"end":{"line":21,"column":null}},"6":{"start":{"line":22,"column":2},"end":{"line":25,"column":null}},"7":{"start":{"line":23,"column":4},"end":{"line":23,"column":null}},"8":{"start":{"line":24,"column":4},"end":{"line":24,"column":null}},"9":{"start":{"line":27,"column":2},"end":{"line":33,"column":null}},"10":{"start":{"line":28,"column":20},"end":{"line":28,"column":null}},"11":{"start":{"line":29,"column":4},"end":{"line":29,"column":null}},"12":{"start":{"line":30,"column":4},"end":{"line":30,"column":null}},"13":{"start":{"line":32,"column":4},"end":{"line":32,"column":null}}},"fnMap":{"0":{"name":"requireAuth","decl":{"start":{"line":13,"column":16},"end":{"line":13,"column":28}},"loc":{"start":{"line":13,"column":83},"end":{"line":34,"column":null}},"line":13}},"branchMap":{"0":{"loc":{"start":{"line":15,"column":2},"end":{"line":18,"column":null}},"type":"if","locations":[{"start":{"line":15,"column":2},"end":{"line":18,"column":null}},{"start":{},"end":{}}],"line":15},"1":{"loc":{"start":{"line":22,"column":2},"end":{"line":25,"column":null}},"type":"if","locations":[{"start":{"line":22,"column":2},"end":{"line":25,"column":null}},{"start":{},"end":{}}],"line":22}},"s":{"0":16,"1":16,"2":3,"3":3,"4":13,"5":13,"6":13,"7":1,"8":1,"9":12,"10":12,"11":12,"12":12,"13":2},"f":{"0":16},"b":{"0":[3,13],"1":[1,12]},"meta":{"lastBranch":2,"lastFunction":1,"lastStatement":14,"seen":{"f:13:16:13:28":0,"s:14:17:14:Infinity":0,"b:15:2:18:Infinity:undefined:undefined:undefined:undefined":0,"s:15:2:18:Infinity":1,"s:16:4:16:Infinity":2,"s:17:4:17:Infinity":3,"s:20:16:20:Infinity":4,"s:21:17:21:Infinity":5,"b:22:2:25:Infinity:undefined:undefined:undefined:undefined":1,"s:22:2:25:Infinity":6,"s:23:4:23:Infinity":7,"s:24:4:24:Infinity":8,"s:27:2:33:Infinity":9,"s:28:20:28:Infinity":10,"s:29:4:29:Infinity":11,"s:30:4:30:Infinity":12,"s:32:4:32:Infinity":13}}}
,"/Users/dana/audio-queue/backend/src/resolvers/podcastIndexResolver.ts": {"path":"/Users/dana/audio-queue/backend/src/resolvers/podcastIndexResolver.ts","statementMap":{"0":{"start":{"line":10,"column":15},"end":{"line":19,"column":null}},"1":{"start":{"line":22,"column":17},"end":{"line":22,"column":null}},"2":{"start":{"line":29,"column":2},"end":{"line":31,"column":null}},"3":{"start":{"line":30,"column":4},"end":{"line":30,"column":null}},"4":{"start":{"line":32,"column":2},"end":{"line":34,"column":null}},"5":{"start":{"line":33,"column":4},"end":{"line":33,"column":null}},"6":{"start":{"line":35,"column":2},"end":{"line":35,"column":null}},"7":{"start":{"line":43,"column":16},"end":{"line":43,"column":null}},"8":{"start":{"line":44,"column":2},"end":{"line":44,"column":null}},"9":{"start":{"line":44,"column":14},"end":{"line":44,"column":null}},"10":{"start":{"line":45,"column":19},"end":{"line":45,"column":null}},"11":{"start":{"line":47,"column":2},"end":{"line":51,"column":null}},"12":{"start":{"line":48,"column":20},"end":{"line":48,"column":null}},"13":{"start":{"line":49,"column":4},"end":{"line":49,"column":null}},"14":{"start":{"line":49,"column":18},"end":{"line":49,"column":null}},"15":{"start":{"line":50,"column":4},"end":{"line":50,"column":null}},"16":{"start":{"line":50,"column":43},"end":{"line":50,"column":47}},"17":{"start":{"line":53,"column":2},"end":{"line":66,"column":null}},"18":{"start":{"line":54,"column":17},"end":{"line":58,"column":null}},"19":{"start":{"line":59,"column":18},"end":{"line":59,"column":null}},"20":{"start":{"line":60,"column":20},"end":{"line":60,"column":null}},"21":{"start":{"line":61,"column":4},"end":{"line":61,"column":null}},"22":{"start":{"line":62,"column":4},"end":{"line":62,"column":null}},"23":{"start":{"line":62,"column":18},"end":{"line":62,"column":null}},"24":{"start":{"line":63,"column":4},"end":{"line":63,"column":null}},"25":{"start":{"line":63,"column":43},"end":{"line":63,"column":47}},"26":{"start":{"line":65,"column":4},"end":{"line":65,"column":null}},"27":{"start":{"line":74,"column":2},"end":{"line":78,"column":null}},"28":{"start":{"line":75,"column":20},"end":{"line":75,"column":null}},"29":{"start":{"line":76,"column":4},"end":{"line":76,"column":null}},"30":{"start":{"line":76,"column":18},"end":{"line":76,"column":null}},"31":{"start":{"line":77,"column":4},"end":{"line":77,"column":null}},"32":{"start":{"line":77,"column":43},"end":{"line":77,"column":47}},"33":{"start":{"line":83,"column":2},"end":{"line":98,"column":null}},"34":{"start":{"line":84,"column":17},"end":{"line":86,"column":null}},"35":{"start":{"line":87,"column":17},"end":{"line":87,"column":null}},"36":{"start":{"line":88,"column":14},"end":{"line":88,"column":null}},"37":{"start":{"line":90,"column":4},"end":{"line":90,"column":null}},"38":{"start":{"line":93,"column":24},"end":{"line":93,"column":null}},"39":{"start":{"line":94,"column":22},"end":{"line":94,"column":null}},"40":{"start":{"line":95,"column":4},"end":{"line":95,"column":null}},"41":{"start":{"line":97,"column":4},"end":{"line":97,"column":null}},"42":{"start":{"line":101,"column":22},"end":{"line":101,"column":null}},"43":{"start":{"line":102,"column":2},"end":{"line":105,"column":null}},"44":{"start":{"line":103,"column":4},"end":{"line":103,"column":null}},"45":{"start":{"line":104,"column":4},"end":{"line":104,"column":null}},"46":{"start":{"line":107,"column":2},"end":{"line":107,"column":null}},"47":{"start":{"line":109,"column":18},"end":{"line":109,"column":null}},"48":{"start":{"line":110,"column":2},"end":{"line":110,"column":null}},"49":{"start":{"line":111,"column":2},"end":{"line":111,"column":null}},"50":{"start":{"line":111,"column":16},"end":{"line":111,"column":null}},"51":{"start":{"line":114,"column":21},"end":{"line":114,"column":null}},"52":{"start":{"line":114,"column":59},"end":{"line":114,"column":63}},"53":{"start":{"line":115,"column":2},"end":{"line":115,"column":null}},"54":{"start":{"line":115,"column":36},"end":{"line":115,"column":null}},"55":{"start":{"line":118,"column":2},"end":{"line":121,"column":null}},"56":{"start":{"line":119,"column":21},"end":{"line":119,"column":null}},"57":{"start":{"line":120,"column":4},"end":{"line":120,"column":null}},"58":{"start":{"line":120,"column":18},"end":{"line":120,"column":null}},"59":{"start":{"line":123,"column":2},"end":{"line":123,"column":null}},"60":{"start":{"line":141,"column":8},"end":{"line":141,"column":null}},"61":{"start":{"line":142,"column":2},"end":{"line":142,"column":null}},"62":{"start":{"line":142,"column":16},"end":{"line":142,"column":null}},"63":{"start":{"line":147,"column":2},"end":{"line":156,"column":null}},"64":{"start":{"line":148,"column":22},"end":{"line":148,"column":null}},"65":{"start":{"line":149,"column":17},"end":{"line":149,"column":null}},"66":{"start":{"line":150,"column":4},"end":{"line":150,"column":null}},"67":{"start":{"line":150,"column":18},"end":{"line":150,"column":null}},"68":{"start":{"line":151,"column":18},"end":{"line":151,"column":null}},"69":{"start":{"line":152,"column":4},"end":{"line":152,"column":null}},"70":{"start":{"line":153,"column":4},"end":{"line":153,"column":null}},"71":{"start":{"line":155,"column":4},"end":{"line":155,"column":null}},"72":{"start":{"line":158,"column":2},"end":{"line":158,"column":null}},"73":{"start":{"line":161,"column":19},"end":{"line":161,"column":null}},"74":{"start":{"line":162,"column":2},"end":{"line":165,"column":null}},"75":{"start":{"line":163,"column":4},"end":{"line":163,"column":null}},"76":{"start":{"line":164,"column":4},"end":{"line":164,"column":null}},"77":{"start":{"line":168,"column":2},"end":{"line":174,"column":null}},"78":{"start":{"line":169,"column":20},"end":{"line":169,"column":null}},"79":{"start":{"line":170,"column":4},"end":{"line":173,"column":null}},"80":{"start":{"line":171,"column":6},"end":{"line":171,"column":null}},"81":{"start":{"line":172,"column":6},"end":{"line":172,"column":null}},"82":{"start":{"line":176,"column":2},"end":{"line":176,"column":null}},"83":{"start":{"line":177,"column":2},"end":{"line":177,"column":null}},"84":{"start":{"line":186,"column":17},"end":{"line":186,"column":null}},"85":{"start":{"line":187,"column":20},"end":{"line":187,"column":null}},"86":{"start":{"line":188,"column":2},"end":{"line":188,"column":null}},"87":{"start":{"line":188,"column":29},"end":{"line":188,"column":null}},"88":{"start":{"line":190,"column":19},"end":{"line":190,"column":null}},"89":{"start":{"line":191,"column":15},"end":{"line":191,"column":null}},"90":{"start":{"line":193,"column":17},"end":{"line":193,"column":null}},"91":{"start":{"line":194,"column":2},"end":{"line":211,"column":null}},"92":{"start":{"line":195,"column":17},"end":{"line":206,"column":null}},"93":{"start":{"line":207,"column":18},"end":{"line":207,"column":null}},"94":{"start":{"line":208,"column":4},"end":{"line":208,"column":null}},"95":{"start":{"line":208,"column":41},"end":{"line":208,"column":46}},"96":{"start":{"line":208,"column":75},"end":{"line":208,"column":78}},"97":{"start":{"line":210,"column":4},"end":{"line":210,"column":null}},"98":{"start":{"line":215,"column":17},"end":{"line":215,"column":null}},"99":{"start":{"line":216,"column":20},"end":{"line":216,"column":null}},"100":{"start":{"line":217,"column":2},"end":{"line":224,"column":null}},"101":{"start":{"line":218,"column":20},"end":{"line":221,"column":null}},"102":{"start":{"line":222,"column":4},"end":{"line":222,"column":null}},"103":{"start":{"line":223,"column":4},"end":{"line":223,"column":null}},"104":{"start":{"line":226,"column":19},"end":{"line":226,"column":null}},"105":{"start":{"line":227,"column":15},"end":{"line":230,"column":null}},"106":{"start":{"line":232,"column":17},"end":{"line":232,"column":null}},"107":{"start":{"line":233,"column":2},"end":{"line":250,"column":null}},"108":{"start":{"line":234,"column":17},"end":{"line":245,"column":null}},"109":{"start":{"line":246,"column":18},"end":{"line":246,"column":null}},"110":{"start":{"line":247,"column":4},"end":{"line":247,"column":null}},"111":{"start":{"line":249,"column":4},"end":{"line":249,"column":null}},"112":{"start":{"line":258,"column":16},"end":{"line":258,"column":null}},"113":{"start":{"line":258,"column":31},"end":{"line":258,"column":null}},"114":{"start":{"line":258,"column":68},"end":{"line":258,"column":80}},"115":{"start":{"line":259,"column":17},"end":{"line":259,"column":null}},"116":{"start":{"line":260,"column":17},"end":{"line":260,"column":null}},"117":{"start":{"line":261,"column":16},"end":{"line":261,"column":null}},"118":{"start":{"line":262,"column":2},"end":{"line":262,"column":null}},"119":{"start":{"line":262,"column":26},"end":{"line":262,"column":null}},"120":{"start":{"line":262,"column":45},"end":{"line":262,"column":null}},"121":{"start":{"line":263,"column":18},"end":{"line":263,"column":null}},"122":{"start":{"line":264,"column":2},"end":{"line":264,"column":null}},"123":{"start":{"line":268,"column":2},"end":{"line":302,"column":null}},"124":{"start":{"line":269,"column":17},"end":{"line":269,"column":null}},"125":{"start":{"line":270,"column":22},"end":{"line":270,"column":null}},"126":{"start":{"line":270,"column":37},"end":{"line":270,"column":null}},"127":{"start":{"line":271,"column":19},"end":{"line":271,"column":null}},"128":{"start":{"line":275,"column":6},"end":{"line":279,"column":null}},"129":{"start":{"line":279,"column":30},"end":{"line":279,"column":92}},"130":{"start":{"line":281,"column":4},"end":{"line":281,"column":null}},"131":{"start":{"line":281,"column":31},"end":{"line":281,"column":null}},"132":{"start":{"line":283,"column":25},"end":{"line":283,"column":null}},"133":{"start":{"line":284,"column":10},"end":{"line":284,"column":null}},"134":{"start":{"line":287,"column":7},"end":{"line":289,"column":null}},"135":{"start":{"line":291,"column":4},"end":{"line":299,"column":null}},"136":{"start":{"line":301,"column":4},"end":{"line":301,"column":null}}},"fnMap":{"0":{"name":"resolvePodcastPlatform","decl":{"start":{"line":28,"column":22},"end":{"line":28,"column":45}},"loc":{"start":{"line":28,"column":88},"end":{"line":36,"column":null}},"line":28},"1":{"name":"resolveApplePodcasts","decl":{"start":{"line":42,"column":15},"end":{"line":42,"column":36}},"loc":{"start":{"line":42,"column":79},"end":{"line":67,"column":null}},"line":42},"2":{"name":"(anonymous_2)","decl":{"start":{"line":50,"column":37},"end":{"line":50,"column":43}},"loc":{"start":{"line":50,"column":43},"end":{"line":50,"column":47}},"line":50},"3":{"name":"(anonymous_3)","decl":{"start":{"line":63,"column":37},"end":{"line":63,"column":43}},"loc":{"start":{"line":63,"column":43},"end":{"line":63,"column":47}},"line":63},"4":{"name":"resolveSpotifyPodcast","decl":{"start":{"line":73,"column":15},"end":{"line":73,"column":37}},"loc":{"start":{"line":73,"column":80},"end":{"line":124,"column":null}},"line":73},"5":{"name":"(anonymous_5)","decl":{"start":{"line":77,"column":37},"end":{"line":77,"column":43}},"loc":{"start":{"line":77,"column":43},"end":{"line":77,"column":47}},"line":77},"6":{"name":"(anonymous_6)","decl":{"start":{"line":114,"column":53},"end":{"line":114,"column":59}},"loc":{"start":{"line":114,"column":59},"end":{"line":114,"column":63}},"line":114},"7":{"name":"resolveYouTubeViaPodcastIndex","decl":{"start":{"line":140,"column":22},"end":{"line":140,"column":52}},"loc":{"start":{"line":140,"column":95},"end":{"line":178,"column":null}},"line":140},"8":{"name":"searchPodcastIndexFeeds","decl":{"start":{"line":185,"column":15},"end":{"line":185,"column":39}},"loc":{"start":{"line":185,"column":82},"end":{"line":212,"column":null}},"line":185},"9":{"name":"(anonymous_9)","decl":{"start":{"line":208,"column":34},"end":{"line":208,"column":35}},"loc":{"start":{"line":208,"column":41},"end":{"line":208,"column":46}},"line":208},"10":{"name":"(anonymous_10)","decl":{"start":{"line":208,"column":55},"end":{"line":208,"column":56}},"loc":{"start":{"line":208,"column":75},"end":{"line":208,"column":78}},"line":208},"11":{"name":"searchPodcastIndex","decl":{"start":{"line":214,"column":15},"end":{"line":214,"column":34}},"loc":{"start":{"line":214,"column":73},"end":{"line":251,"column":null}},"line":214},"12":{"name":"wordOverlapScore","decl":{"start":{"line":257,"column":16},"end":{"line":257,"column":33}},"loc":{"start":{"line":257,"column":63},"end":{"line":265,"column":null}},"line":257},"13":{"name":"(anonymous_13)","decl":{"start":{"line":258,"column":16},"end":{"line":258,"column":17}},"loc":{"start":{"line":258,"column":31},"end":{"line":258,"column":null}},"line":258},"14":{"name":"(anonymous_14)","decl":{"start":{"line":258,"column":61},"end":{"line":258,"column":62}},"loc":{"start":{"line":258,"column":68},"end":{"line":258,"column":80}},"line":258},"15":{"name":"findEpisodeInFeed","decl":{"start":{"line":267,"column":15},"end":{"line":267,"column":33}},"loc":{"start":{"line":267,"column":102},"end":{"line":303,"column":null}},"line":267},"16":{"name":"(anonymous_16)","decl":{"start":{"line":270,"column":22},"end":{"line":270,"column":23}},"loc":{"start":{"line":270,"column":37},"end":{"line":270,"column":null}},"line":270},"17":{"name":"(anonymous_17)","decl":{"start":{"line":279,"column":23},"end":{"line":279,"column":24}},"loc":{"start":{"line":279,"column":30},"end":{"line":279,"column":92}},"line":279}},"branchMap":{"0":{"loc":{"start":{"line":29,"column":2},"end":{"line":31,"column":null}},"type":"if","locations":[{"start":{"line":29,"column":2},"end":{"line":31,"column":null}},{"start":{},"end":{}}],"line":29},"1":{"loc":{"start":{"line":32,"column":2},"end":{"line":34,"column":null}},"type":"if","locations":[{"start":{"line":32,"column":2},"end":{"line":34,"column":null}},{"start":{},"end":{}}],"line":32},"2":{"loc":{"start":{"line":32,"column":6},"end":{"line":32,"column":89}},"type":"binary-expr","locations":[{"start":{"line":32,"column":6},"end":{"line":32,"column":47}},{"start":{"line":32,"column":47},"end":{"line":32,"column":89}}],"line":32},"3":{"loc":{"start":{"line":44,"column":2},"end":{"line":44,"column":null}},"type":"if","locations":[{"start":{"line":44,"column":2},"end":{"line":44,"column":null}},{"start":{},"end":{}}],"line":44},"4":{"loc":{"start":{"line":47,"column":2},"end":{"line":51,"column":null}},"type":"if","locations":[{"start":{"line":47,"column":2},"end":{"line":51,"column":null}},{"start":{},"end":{}}],"line":47},"5":{"loc":{"start":{"line":49,"column":4},"end":{"line":49,"column":null}},"type":"if","locations":[{"start":{"line":49,"column":4},"end":{"line":49,"column":null}},{"start":{},"end":{}}],"line":49},"6":{"loc":{"start":{"line":60,"column":20},"end":{"line":60,"column":null}},"type":"binary-expr","locations":[{"start":{"line":60,"column":20},"end":{"line":60,"column":50}},{"start":{"line":60,"column":50},"end":{"line":60,"column":null}}],"line":60},"7":{"loc":{"start":{"line":62,"column":4},"end":{"line":62,"column":null}},"type":"if","locations":[{"start":{"line":62,"column":4},"end":{"line":62,"column":null}},{"start":{},"end":{}}],"line":62},"8":{"loc":{"start":{"line":74,"column":2},"end":{"line":78,"column":null}},"type":"if","locations":[{"start":{"line":74,"column":2},"end":{"line":78,"column":null}},{"start":{},"end":{}}],"line":74},"9":{"loc":{"start":{"line":76,"column":4},"end":{"line":76,"column":null}},"type":"if","locations":[{"start":{"line":76,"column":4},"end":{"line":76,"column":null}},{"start":{},"end":{}}],"line":76},"10":{"loc":{"start":{"line":93,"column":24},"end":{"line":93,"column":null}},"type":"binary-expr","locations":[{"start":{"line":93,"column":24},"end":{"line":93,"column":80}},{"start":{"line":93,"column":80},"end":{"line":93,"column":null}}],"line":93},"11":{"loc":{"start":{"line":101,"column":22},"end":{"line":101,"column":null}},"type":"binary-expr","locations":[{"start":{"line":101,"column":22},"end":{"line":101,"column":34}},{"start":{"line":101,"column":34},"end":{"line":101,"column":null}}],"line":101},"12":{"loc":{"start":{"line":102,"column":2},"end":{"line":105,"column":null}},"type":"if","locations":[{"start":{"line":102,"column":2},"end":{"line":105,"column":null}},{"start":{},"end":{}}],"line":102},"13":{"loc":{"start":{"line":111,"column":2},"end":{"line":111,"column":null}},"type":"if","locations":[{"start":{"line":111,"column":2},"end":{"line":111,"column":null}},{"start":{},"end":{}}],"line":111},"14":{"loc":{"start":{"line":115,"column":2},"end":{"line":115,"column":null}},"type":"if","locations":[{"start":{"line":115,"column":2},"end":{"line":115,"column":null}},{"start":{},"end":{}}],"line":115},"15":{"loc":{"start":{"line":115,"column":6},"end":{"line":115,"column":36}},"type":"binary-expr","locations":[{"start":{"line":115,"column":6},"end":{"line":115,"column":21}},{"start":{"line":115,"column":21},"end":{"line":115,"column":36}}],"line":115},"16":{"loc":{"start":{"line":118,"column":2},"end":{"line":121,"column":null}},"type":"if","locations":[{"start":{"line":118,"column":2},"end":{"line":121,"column":null}},{"start":{},"end":{}}],"line":118},"17":{"loc":{"start":{"line":120,"column":4},"end":{"line":120,"column":null}},"type":"if","locations":[{"start":{"line":120,"column":4},"end":{"line":120,"column":null}},{"start":{},"end":{}}],"line":120},"18":{"loc":{"start":{"line":142,"column":2},"end":{"line":142,"column":null}},"type":"if","locations":[{"start":{"line":142,"column":2},"end":{"line":142,"column":null}},{"start":{},"end":{}}],"line":142},"19":{"loc":{"start":{"line":150,"column":4},"end":{"line":150,"column":null}},"type":"if","locations":[{"start":{"line":150,"column":4},"end":{"line":150,"column":null}},{"start":{},"end":{}}],"line":150},"20":{"loc":{"start":{"line":162,"column":2},"end":{"line":165,"column":null}},"type":"if","locations":[{"start":{"line":162,"column":2},"end":{"line":165,"column":null}},{"start":{},"end":{}}],"line":162},"21":{"loc":{"start":{"line":170,"column":4},"end":{"line":173,"column":null}},"type":"if","locations":[{"start":{"line":170,"column":4},"end":{"line":173,"column":null}},{"start":{},"end":{}}],"line":170},"22":{"loc":{"start":{"line":185,"column":54},"end":{"line":185,"column":82}},"type":"default-arg","locations":[{"start":{"line":185,"column":60},"end":{"line":185,"column":82}}],"line":185},"23":{"loc":{"start":{"line":188,"column":2},"end":{"line":188,"column":null}},"type":"if","locations":[{"start":{"line":188,"column":2},"end":{"line":188,"column":null}},{"start":{},"end":{}}],"line":188},"24":{"loc":{"start":{"line":188,"column":6},"end":{"line":188,"column":29}},"type":"binary-expr","locations":[{"start":{"line":188,"column":6},"end":{"line":188,"column":17}},{"start":{"line":188,"column":17},"end":{"line":188,"column":29}}],"line":188},"25":{"loc":{"start":{"line":208,"column":12},"end":{"line":208,"column":30}},"type":"binary-expr","locations":[{"start":{"line":208,"column":12},"end":{"line":208,"column":26}},{"start":{"line":208,"column":26},"end":{"line":208,"column":30}}],"line":208},"26":{"loc":{"start":{"line":217,"column":2},"end":{"line":224,"column":null}},"type":"if","locations":[{"start":{"line":217,"column":2},"end":{"line":224,"column":null}},{"start":{},"end":{}}],"line":217},"27":{"loc":{"start":{"line":217,"column":6},"end":{"line":217,"column":29}},"type":"binary-expr","locations":[{"start":{"line":217,"column":6},"end":{"line":217,"column":17}},{"start":{"line":217,"column":17},"end":{"line":217,"column":29}}],"line":217},"28":{"loc":{"start":{"line":219,"column":6},"end":{"line":219,"column":null}},"type":"binary-expr","locations":[{"start":{"line":219,"column":6},"end":{"line":219,"column":17}},{"start":{"line":219,"column":17},"end":{"line":219,"column":null}}],"line":219},"29":{"loc":{"start":{"line":220,"column":6},"end":{"line":220,"column":null}},"type":"binary-expr","locations":[{"start":{"line":220,"column":6},"end":{"line":220,"column":20}},{"start":{"line":220,"column":20},"end":{"line":220,"column":null}}],"line":220},"30":{"loc":{"start":{"line":247,"column":11},"end":{"line":247,"column":null}},"type":"binary-expr","locations":[{"start":{"line":247,"column":11},"end":{"line":247,"column":35}},{"start":{"line":247,"column":35},"end":{"line":247,"column":null}}],"line":247},"31":{"loc":{"start":{"line":262,"column":26},"end":{"line":262,"column":null}},"type":"if","locations":[{"start":{"line":262,"column":26},"end":{"line":262,"column":null}},{"start":{},"end":{}}],"line":262},"32":{"loc":{"start":{"line":264,"column":9},"end":{"line":264,"column":null}},"type":"cond-expr","locations":[{"start":{"line":264,"column":25},"end":{"line":264,"column":29}},{"start":{"line":264,"column":29},"end":{"line":264,"column":null}}],"line":264},"33":{"loc":{"start":{"line":275,"column":6},"end":{"line":279,"column":null}},"type":"binary-expr","locations":[{"start":{"line":275,"column":6},"end":{"line":275,"column":null}},{"start":{"line":277,"column":6},"end":{"line":277,"column":null}},{"start":{"line":279,"column":6},"end":{"line":279,"column":null}}],"line":275},"34":{"loc":{"start":{"line":279,"column":30},"end":{"line":279,"column":92}},"type":"binary-expr","locations":[{"start":{"line":279,"column":30},"end":{"line":279,"column":41}},{"start":{"line":279,"column":41},"end":{"line":279,"column":92}}],"line":279},"35":{"loc":{"start":{"line":281,"column":4},"end":{"line":281,"column":null}},"type":"if","locations":[{"start":{"line":281,"column":4},"end":{"line":281,"column":null}},{"start":{},"end":{}}],"line":281},"36":{"loc":{"start":{"line":287,"column":7},"end":{"line":289,"column":null}},"type":"binary-expr","locations":[{"start":{"line":287,"column":7},"end":{"line":287,"column":null}},{"start":{"line":288,"column":7},"end":{"line":288,"column":null}},{"start":{"line":289,"column":6},"end":{"line":289,"column":null}}],"line":287},"37":{"loc":{"start":{"line":293,"column":13},"end":{"line":293,"column":null}},"type":"binary-expr","locations":[{"start":{"line":293,"column":13},"end":{"line":293,"column":27}},{"start":{"line":293,"column":27},"end":{"line":293,"column":null}}],"line":293},"38":{"loc":{"start":{"line":294,"column":17},"end":{"line":294,"column":null}},"type":"binary-expr","locations":[{"start":{"line":294,"column":17},"end":{"line":294,"column":31}},{"start":{"line":294,"column":31},"end":{"line":294,"column":null}}],"line":294}},"s":{"0":2,"1":2,"2":0,"3":0,"4":0,"5":0,"6":0,"7":0,"8":0,"9":0,"10":0,"11":0,"12":0,"13":0,"14":0,"15":0,"16":0,"17":0,"18":0,"19":0,"20":0,"21":0,"22":0,"23":0,"24":0,"25":0,"26":0,"27":0,"28":0,"29":0,"30":0,"31":0,"32":0,"33":0,"34":0,"35":0,"36":0,"37":0,"38":0,"39":0,"40":0,"41":0,"42":0,"43":0,"44":0,"45":0,"46":0,"47":0,"48":0,"49":0,"50":0,"51":0,"52":0,"53":0,"54":0,"55":0,"56":0,"57":0,"58":0,"59":0,"60":0,"61":0,"62":0,"63":0,"64":0,"65":0,"66":0,"67":0,"68":0,"69":0,"70":0,"71":0,"72":0,"73":0,"74":0,"75":0,"76":0,"77":0,"78":0,"79":0,"80":0,"81":0,"82":0,"83":0,"84":0,"85":0,"86":0,"87":0,"88":0,"89":0,"90":0,"91":0,"92":0,"93":0,"94":0,"95":0,"96":0,"97":0,"98":0,"99":0,"100":0,"101":0,"102":0,"103":0,"104":0,"105":0,"106":0,"107":0,"108":0,"109":0,"110":0,"111":0,"112":8,"113":16,"114":43,"115":8,"116":8,"117":8,"118":8,"119":16,"120":5,"121":8,"122":8,"123":0,"124":0,"125":0,"126":0,"127":0,"128":0,"129":0,"130":0,"131":0,"132":0,"133":0,"134":0,"135":0,"136":0},"f":{"0":0,"1":0,"2":0,"3":0,"4":0,"5":0,"6":0,"7":0,"8":0,"9":0,"10":0,"11":0,"12":8,"13":16,"14":43,"15":0,"16":0,"17":0},"b":{"0":[0,0],"1":[0,0],"2":[0,0],"3":[0,0],"4":[0,0],"5":[0,0],"6":[0,0],"7":[0,0],"8":[0,0],"9":[0,0],"10":[0,0],"11":[0,0],"12":[0,0],"13":[0,0],"14":[0,0],"15":[0,0],"16":[0,0],"17":[0,0],"18":[0,0],"19":[0,0],"20":[0,0],"21":[0,0],"22":[0],"23":[0,0],"24":[0,0],"25":[0,0],"26":[0,0],"27":[0,0],"28":[0,0],"29":[0,0],"30":[0,0],"31":[5,11],"32":[2,6],"33":[0,0,0],"34":[0,0],"35":[0,0],"36":[0,0,0],"37":[0,0],"38":[0,0]},"meta":{"lastBranch":39,"lastFunction":18,"lastStatement":137,"seen":{"s:10:15:19:Infinity":0,"s:22:17:22:Infinity":1,"f:28:22:28:45":0,"b:29:2:31:Infinity:undefined:undefined:undefined:undefined":0,"s:29:2:31:Infinity":2,"s:30:4:30:Infinity":3,"b:32:2:34:Infinity:undefined:undefined:undefined:undefined":1,"s:32:2:34:Infinity":4,"b:32:6:32:47:32:47:32:89":2,"s:33:4:33:Infinity":5,"s:35:2:35:Infinity":6,"f:42:15:42:36":1,"s:43:16:43:Infinity":7,"b:44:2:44:Infinity:undefined:undefined:undefined:undefined":3,"s:44:2:44:Infinity":8,"s:44:14:44:Infinity":9,"s:45:19:45:Infinity":10,"b:47:2:51:Infinity:undefined:undefined:undefined:undefined":4,"s:47:2:51:Infinity":11,"s:48:20:48:Infinity":12,"b:49:4:49:Infinity:undefined:undefined:undefined:undefined":5,"s:49:4:49:Infinity":13,"s:49:18:49:Infinity":14,"s:50:4:50:Infinity":15,"f:50:37:50:43":2,"s:50:43:50:47":16,"s:53:2:66:Infinity":17,"s:54:17:58:Infinity":18,"s:59:18:59:Infinity":19,"s:60:20:60:Infinity":20,"b:60:20:60:50:60:50:60:Infinity":6,"s:61:4:61:Infinity":21,"b:62:4:62:Infinity:undefined:undefined:undefined:undefined":7,"s:62:4:62:Infinity":22,"s:62:18:62:Infinity":23,"s:63:4:63:Infinity":24,"f:63:37:63:43":3,"s:63:43:63:47":25,"s:65:4:65:Infinity":26,"f:73:15:73:37":4,"b:74:2:78:Infinity:undefined:undefined:undefined:undefined":8,"s:74:2:78:Infinity":27,"s:75:20:75:Infinity":28,"b:76:4:76:Infinity:undefined:undefined:undefined:undefined":9,"s:76:4:76:Infinity":29,"s:76:18:76:Infinity":30,"s:77:4:77:Infinity":31,"f:77:37:77:43":5,"s:77:43:77:47":32,"s:83:2:98:Infinity":33,"s:84:17:86:Infinity":34,"s:87:17:87:Infinity":35,"s:88:14:88:Infinity":36,"s:90:4:90:Infinity":37,"s:93:24:93:Infinity":38,"b:93:24:93:80:93:80:93:Infinity":10,"s:94:22:94:Infinity":39,"s:95:4:95:Infinity":40,"s:97:4:97:Infinity":41,"s:101:22:101:Infinity":42,"b:101:22:101:34:101:34:101:Infinity":11,"b:102:2:105:Infinity:undefined:undefined:undefined:undefined":12,"s:102:2:105:Infinity":43,"s:103:4:103:Infinity":44,"s:104:4:104:Infinity":45,"s:107:2:107:Infinity":46,"s:109:18:109:Infinity":47,"s:110:2:110:Infinity":48,"b:111:2:111:Infinity:undefined:undefined:undefined:undefined":13,"s:111:2:111:Infinity":49,"s:111:16:111:Infinity":50,"s:114:21:114:Infinity":51,"f:114:53:114:59":6,"s:114:59:114:63":52,"b:115:2:115:Infinity:undefined:undefined:undefined:undefined":14,"s:115:2:115:Infinity":53,"b:115:6:115:21:115:21:115:36":15,"s:115:36:115:Infinity":54,"b:118:2:121:Infinity:undefined:undefined:undefined:undefined":16,"s:118:2:121:Infinity":55,"s:119:21:119:Infinity":56,"b:120:4:120:Infinity:undefined:undefined:undefined:undefined":17,"s:120:4:120:Infinity":57,"s:120:18:120:Infinity":58,"s:123:2:123:Infinity":59,"f:140:22:140:52":7,"s:141:8:141:Infinity":60,"b:142:2:142:Infinity:undefined:undefined:undefined:undefined":18,"s:142:2:142:Infinity":61,"s:142:16:142:Infinity":62,"s:147:2:156:Infinity":63,"s:148:22:148:Infinity":64,"s:149:17:149:Infinity":65,"b:150:4:150:Infinity:undefined:undefined:undefined:undefined":19,"s:150:4:150:Infinity":66,"s:150:18:150:Infinity":67,"s:151:18:151:Infinity":68,"s:152:4:152:Infinity":69,"s:153:4:153:Infinity":70,"s:155:4:155:Infinity":71,"s:158:2:158:Infinity":72,"s:161:19:161:Infinity":73,"b:162:2:165:Infinity:undefined:undefined:undefined:undefined":20,"s:162:2:165:Infinity":74,"s:163:4:163:Infinity":75,"s:164:4:164:Infinity":76,"s:168:2:174:Infinity":77,"s:169:20:169:Infinity":78,"b:170:4:173:Infinity:undefined:undefined:undefined:undefined":21,"s:170:4:173:Infinity":79,"s:171:6:171:Infinity":80,"s:172:6:172:Infinity":81,"s:176:2:176:Infinity":82,"s:177:2:177:Infinity":83,"f:185:15:185:39":8,"b:185:60:185:82":22,"s:186:17:186:Infinity":84,"s:187:20:187:Infinity":85,"b:188:2:188:Infinity:undefined:undefined:undefined:undefined":23,"s:188:2:188:Infinity":86,"b:188:6:188:17:188:17:188:29":24,"s:188:29:188:Infinity":87,"s:190:19:190:Infinity":88,"s:191:15:191:Infinity":89,"s:193:17:193:Infinity":90,"s:194:2:211:Infinity":91,"s:195:17:206:Infinity":92,"s:207:18:207:Infinity":93,"s:208:4:208:Infinity":94,"b:208:12:208:26:208:26:208:30":25,"f:208:34:208:35":9,"s:208:41:208:46":95,"f:208:55:208:56":10,"s:208:75:208:78":96,"s:210:4:210:Infinity":97,"f:214:15:214:34":11,"s:215:17:215:Infinity":98,"s:216:20:216:Infinity":99,"b:217:2:224:Infinity:undefined:undefined:undefined:undefined":26,"s:217:2:224:Infinity":100,"b:217:6:217:17:217:17:217:29":27,"s:218:20:221:Infinity":101,"b:219:6:219:17:219:17:219:Infinity":28,"b:220:6:220:20:220:20:220:Infinity":29,"s:222:4:222:Infinity":102,"s:223:4:223:Infinity":103,"s:226:19:226:Infinity":104,"s:227:15:230:Infinity":105,"s:232:17:232:Infinity":106,"s:233:2:250:Infinity":107,"s:234:17:245:Infinity":108,"s:246:18:246:Infinity":109,"s:247:4:247:Infinity":110,"b:247:11:247:35:247:35:247:Infinity":30,"s:249:4:249:Infinity":111,"f:257:16:257:33":12,"s:258:16:258:Infinity":112,"f:258:16:258:17":13,"s:258:31:258:Infinity":113,"f:258:61:258:62":14,"s:258:68:258:80":114,"s:259:17:259:Infinity":115,"s:260:17:260:Infinity":116,"s:261:16:261:Infinity":117,"s:262:2:262:Infinity":118,"b:262:26:262:Infinity:undefined:undefined:undefined:undefined":31,"s:262:26:262:Infinity":119,"s:262:45:262:Infinity":120,"s:263:18:263:Infinity":121,"s:264:2:264:Infinity":122,"b:264:25:264:29:264:29:264:Infinity":32,"f:267:15:267:33":15,"s:268:2:302:Infinity":123,"s:269:17:269:Infinity":124,"s:270:22:270:Infinity":125,"f:270:22:270:23":16,"s:270:37:270:Infinity":126,"s:271:19:271:Infinity":127,"s:275:6:279:Infinity":128,"b:275:6:275:Infinity:277:6:277:Infinity:279:6:279:Infinity":33,"f:279:23:279:24":17,"s:279:30:279:92":129,"b:279:30:279:41:279:41:279:92":34,"b:281:4:281:Infinity:undefined:undefined:undefined:undefined":35,"s:281:4:281:Infinity":130,"s:281:31:281:Infinity":131,"s:283:25:283:Infinity":132,"s:284:10:284:Infinity":133,"s:287:7:289:Infinity":134,"b:287:7:287:Infinity:288:7:288:Infinity:289:6:289:Infinity":36,"s:291:4:299:Infinity":135,"b:293:13:293:27:293:27:293:Infinity":37,"b:294:17:294:31:294:31:294:Infinity":38,"s:301:4:301:Infinity":136}}}
,"/Users/dana/audio-queue/backend/src/resolvers/resolver.ts": {"path":"/Users/dana/audio-queue/backend/src/resolvers/resolver.ts","statementMap":{"0":{"start":{"line":25,"column":2},"end":{"line":37,"column":null}},"1":{"start":{"line":30,"column":4},"end":{"line":35,"column":null}},"2":{"start":{"line":31,"column":21},"end":{"line":31,"column":null}},"3":{"start":{"line":32,"column":6},"end":{"line":32,"column":null}},"4":{"start":{"line":32,"column":18},"end":{"line":32,"column":null}},"5":{"start":{"line":34,"column":6},"end":{"line":34,"column":null}},"6":{"start":{"line":36,"column":4},"end":{"line":36,"column":null}},"7":{"start":{"line":42,"column":2},"end":{"line":59,"column":null}},"8":{"start":{"line":43,"column":22},"end":{"line":46,"column":null}},"9":{"start":{"line":44,"column":6},"end":{"line":44,"column":null}},"10":{"start":{"line":45,"column":6},"end":{"line":45,"column":null}},"11":{"start":{"line":47,"column":4},"end":{"line":47,"column":null}},"12":{"start":{"line":47,"column":19},"end":{"line":47,"column":null}},"13":{"start":{"line":50,"column":17},"end":{"line":50,"column":null}},"14":{"start":{"line":51,"column":4},"end":{"line":58,"column":null}},"15":{"start":{"line":62,"column":2},"end":{"line":75,"column":null}},"16":{"start":{"line":63,"column":17},"end":{"line":63,"column":null}},"17":{"start":{"line":64,"column":4},"end":{"line":72,"column":null}},"18":{"start":{"line":74,"column":4},"end":{"line":74,"column":null}},"19":{"start":{"line":78,"column":2},"end":{"line":82,"column":null}},"20":{"start":{"line":79,"column":4},"end":{"line":79,"column":null}},"21":{"start":{"line":81,"column":4},"end":{"line":81,"column":null}},"22":{"start":{"line":85,"column":2},"end":{"line":85,"column":null}},"23":{"start":{"line":95,"column":2},"end":{"line":106,"column":null}},"24":{"start":{"line":96,"column":10},"end":{"line":96,"column":null}},"25":{"start":{"line":97,"column":4},"end":{"line":97,"column":null}},"26":{"start":{"line":97,"column":18},"end":{"line":97,"column":null}},"27":{"start":{"line":98,"column":17},"end":{"line":100,"column":null}},"28":{"start":{"line":101,"column":4},"end":{"line":101,"column":null}},"29":{"start":{"line":101,"column":18},"end":{"line":101,"column":null}},"30":{"start":{"line":102,"column":18},"end":{"line":102,"column":null}},"31":{"start":{"line":103,"column":4},"end":{"line":103,"column":null}},"32":{"start":{"line":105,"column":4},"end":{"line":105,"column":null}},"33":{"start":{"line":110,"column":12},"end":{"line":110,"column":null}},"34":{"start":{"line":111,"column":2},"end":{"line":111,"column":null}},"35":{"start":{"line":111,"column":32},"end":{"line":111,"column":null}},"36":{"start":{"line":112,"column":2},"end":{"line":112,"column":null}},"37":{"start":{"line":112,"column":62},"end":{"line":112,"column":null}},"38":{"start":{"line":113,"column":2},"end":{"line":113,"column":null}}},"fnMap":{"0":{"name":"dispatch","decl":{"start":{"line":23,"column":22},"end":{"line":23,"column":31}},"loc":{"start":{"line":23,"column":67},"end":{"line":86,"column":null}},"line":23},"1":{"name":"(anonymous_1)","decl":{"start":{"line":43,"column":69},"end":{"line":43,"column":70}},"loc":{"start":{"line":43,"column":87},"end":{"line":46,"column":5}},"line":43},"2":{"name":"fetchYouTubeMeta","decl":{"start":{"line":94,"column":15},"end":{"line":94,"column":32}},"loc":{"start":{"line":94,"column":74},"end":{"line":107,"column":null}},"line":94},"3":{"name":"classifyExtractor","decl":{"start":{"line":109,"column":16},"end":{"line":109,"column":34}},"loc":{"start":{"line":109,"column":78},"end":{"line":114,"column":null}},"line":109}},"branchMap":{"0":{"loc":{"start":{"line":25,"column":2},"end":{"line":37,"column":null}},"type":"if","locations":[{"start":{"line":25,"column":2},"end":{"line":37,"column":null}},{"start":{},"end":{}}],"line":25},"1":{"loc":{"start":{"line":26,"column":4},"end":{"line":28,"column":null}},"type":"binary-expr","locations":[{"start":{"line":26,"column":4},"end":{"line":26,"column":null}},{"start":{"line":27,"column":4},"end":{"line":27,"column":null}},{"start":{"line":28,"column":4},"end":{"line":28,"column":null}}],"line":26},"2":{"loc":{"start":{"line":32,"column":6},"end":{"line":32,"column":null}},"type":"if","locations":[{"start":{"line":32,"column":6},"end":{"line":32,"column":null}},{"start":{},"end":{}}],"line":32},"3":{"loc":{"start":{"line":42,"column":2},"end":{"line":59,"column":null}},"type":"if","locations":[{"start":{"line":42,"column":2},"end":{"line":59,"column":null}},{"start":{},"end":{}}],"line":42},"4":{"loc":{"start":{"line":47,"column":4},"end":{"line":47,"column":null}},"type":"if","locations":[{"start":{"line":47,"column":4},"end":{"line":47,"column":null}},{"start":{},"end":{}}],"line":47},"5":{"loc":{"start":{"line":53,"column":13},"end":{"line":53,"column":null}},"type":"binary-expr","locations":[{"start":{"line":53,"column":13},"end":{"line":53,"column":28}},{"start":{"line":53,"column":28},"end":{"line":53,"column":null}}],"line":53},"6":{"loc":{"start":{"line":67,"column":17},"end":{"line":67,"column":null}},"type":"binary-expr","locations":[{"start":{"line":67,"column":17},"end":{"line":67,"column":34}},{"start":{"line":67,"column":34},"end":{"line":67,"column":null}}],"line":67},"7":{"loc":{"start":{"line":97,"column":4},"end":{"line":97,"column":null}},"type":"if","locations":[{"start":{"line":97,"column":4},"end":{"line":97,"column":null}},{"start":{},"end":{}}],"line":97},"8":{"loc":{"start":{"line":101,"column":4},"end":{"line":101,"column":null}},"type":"if","locations":[{"start":{"line":101,"column":4},"end":{"line":101,"column":null}},{"start":{},"end":{}}],"line":101},"9":{"loc":{"start":{"line":111,"column":2},"end":{"line":111,"column":null}},"type":"if","locations":[{"start":{"line":111,"column":2},"end":{"line":111,"column":null}},{"start":{},"end":{}}],"line":111},"10":{"loc":{"start":{"line":112,"column":2},"end":{"line":112,"column":null}},"type":"if","locations":[{"start":{"line":112,"column":2},"end":{"line":112,"column":null}},{"start":{},"end":{}}],"line":112},"11":{"loc":{"start":{"line":112,"column":6},"end":{"line":112,"column":62}},"type":"binary-expr","locations":[{"start":{"line":112,"column":6},"end":{"line":112,"column":38}},{"start":{"line":112,"column":38},"end":{"line":112,"column":62}}],"line":112}},"s":{"0":8,"1":3,"2":3,"3":3,"4":2,"5":0,"6":1,"7":5,"8":2,"9":0,"10":0,"11":2,"12":1,"13":1,"14":1,"15":3,"16":3,"17":1,"18":2,"19":2,"20":2,"21":1,"22":1,"23":1,"24":1,"25":1,"26":0,"27":1,"28":1,"29":0,"30":1,"31":1,"32":0,"33":7,"34":7,"35":3,"36":4,"37":2,"38":2},"f":{"0":8,"1":0,"2":1,"3":7},"b":{"0":[3,5],"1":[8,8,6],"2":[2,1],"3":[2,3],"4":[1,1],"5":[1,0],"6":[1,0],"7":[0,1],"8":[0,1],"9":[3,4],"10":[2,2],"11":[4,3]},"meta":{"lastBranch":12,"lastFunction":4,"lastStatement":39,"seen":{"f:23:22:23:31":0,"b:25:2:37:Infinity:undefined:undefined:undefined:undefined":0,"s:25:2:37:Infinity":0,"b:26:4:26:Infinity:27:4:27:Infinity:28:4:28:Infinity":1,"s:30:4:35:Infinity":1,"s:31:21:31:Infinity":2,"b:32:6:32:Infinity:undefined:undefined:undefined:undefined":2,"s:32:6:32:Infinity":3,"s:32:18:32:Infinity":4,"s:34:6:34:Infinity":5,"s:36:4:36:Infinity":6,"b:42:2:59:Infinity:undefined:undefined:undefined:undefined":3,"s:42:2:59:Infinity":7,"s:43:22:46:Infinity":8,"f:43:69:43:70":1,"s:44:6:44:Infinity":9,"s:45:6:45:Infinity":10,"b:47:4:47:Infinity:undefined:undefined:undefined:undefined":4,"s:47:4:47:Infinity":11,"s:47:19:47:Infinity":12,"s:50:17:50:Infinity":13,"s:51:4:58:Infinity":14,"b:53:13:53:28:53:28:53:Infinity":5,"s:62:2:75:Infinity":15,"s:63:17:63:Infinity":16,"s:64:4:72:Infinity":17,"b:67:17:67:34:67:34:67:Infinity":6,"s:74:4:74:Infinity":18,"s:78:2:82:Infinity":19,"s:79:4:79:Infinity":20,"s:81:4:81:Infinity":21,"s:85:2:85:Infinity":22,"f:94:15:94:32":2,"s:95:2:106:Infinity":23,"s:96:10:96:Infinity":24,"b:97:4:97:Infinity:undefined:undefined:undefined:undefined":7,"s:97:4:97:Infinity":25,"s:97:18:97:Infinity":26,"s:98:17:100:Infinity":27,"b:101:4:101:Infinity:undefined:undefined:undefined:undefined":8,"s:101:4:101:Infinity":28,"s:101:18:101:Infinity":29,"s:102:18:102:Infinity":30,"s:103:4:103:Infinity":31,"s:105:4:105:Infinity":32,"f:109:16:109:34":3,"s:110:12:110:Infinity":33,"b:111:2:111:Infinity:undefined:undefined:undefined:undefined":9,"s:111:2:111:Infinity":34,"s:111:32:111:Infinity":35,"b:112:2:112:Infinity:undefined:undefined:undefined:undefined":10,"s:112:2:112:Infinity":36,"b:112:6:112:38:112:38:112:62":11,"s:112:62:112:Infinity":37,"s:113:2:113:Infinity":38}}}
,"/Users/dana/audio-queue/backend/src/resolvers/rssResolver.ts": {"path":"/Users/dana/audio-queue/backend/src/resolvers/rssResolver.ts","statementMap":{"0":{"start":{"line":6,"column":15},"end":{"line":15,"column":null}},"1":{"start":{"line":25,"column":24},"end":{"line":25,"column":null}},"2":{"start":{"line":28,"column":2},"end":{"line":28,"column":null}},"3":{"start":{"line":32,"column":2},"end":{"line":32,"column":null}},"4":{"start":{"line":37,"column":2},"end":{"line":44,"column":null}},"5":{"start":{"line":38,"column":4},"end":{"line":43,"column":null}},"6":{"start":{"line":47,"column":16},"end":{"line":47,"column":null}},"7":{"start":{"line":50,"column":2},"end":{"line":53,"column":null}},"8":{"start":{"line":51,"column":17},"end":{"line":51,"column":null}},"9":{"start":{"line":52,"column":4},"end":{"line":52,"column":null}},"10":{"start":{"line":55,"column":15},"end":{"line":55,"column":null}},"11":{"start":{"line":56,"column":15},"end":{"line":56,"column":null}},"12":{"start":{"line":58,"column":2},"end":{"line":60,"column":null}},"13":{"start":{"line":59,"column":4},"end":{"line":59,"column":null}},"14":{"start":{"line":64,"column":4},"end":{"line":65,"column":null}},"15":{"start":{"line":67,"column":2},"end":{"line":69,"column":null}},"16":{"start":{"line":68,"column":4},"end":{"line":68,"column":null}},"17":{"start":{"line":71,"column":8},"end":{"line":71,"column":null}},"18":{"start":{"line":74,"column":5},"end":{"line":76,"column":null}},"19":{"start":{"line":78,"column":21},"end":{"line":78,"column":null}},"20":{"start":{"line":79,"column":21},"end":{"line":79,"column":null}},"21":{"start":{"line":81,"column":2},"end":{"line":89,"column":null}}},"fnMap":{"0":{"name":"isDirectAudioURL","decl":{"start":{"line":27,"column":16},"end":{"line":27,"column":33}},"loc":{"start":{"line":27,"column":55},"end":{"line":29,"column":null}},"line":27},"1":{"name":"titleFromAudioURL","decl":{"start":{"line":31,"column":16},"end":{"line":31,"column":34}},"loc":{"start":{"line":31,"column":55},"end":{"line":33,"column":null}},"line":31},"2":{"name":"resolveRSS","decl":{"start":{"line":35,"column":22},"end":{"line":35,"column":33}},"loc":{"start":{"line":35,"column":69},"end":{"line":90,"column":null}},"line":35}},"branchMap":{"0":{"loc":{"start":{"line":32,"column":28},"end":{"line":32,"column":70}},"type":"binary-expr","locations":[{"start":{"line":32,"column":28},"end":{"line":32,"column":67}},{"start":{"line":32,"column":67},"end":{"line":32,"column":70}}],"line":32},"1":{"loc":{"start":{"line":37,"column":2},"end":{"line":44,"column":null}},"type":"if","locations":[{"start":{"line":37,"column":2},"end":{"line":44,"column":null}},{"start":{},"end":{}}],"line":37},"2":{"loc":{"start":{"line":50,"column":2},"end":{"line":53,"column":null}},"type":"if","locations":[{"start":{"line":50,"column":2},"end":{"line":53,"column":null}},{"start":{},"end":{}}],"line":50},"3":{"loc":{"start":{"line":50,"column":6},"end":{"line":50,"column":62}},"type":"binary-expr","locations":[{"start":{"line":50,"column":6},"end":{"line":50,"column":38}},{"start":{"line":50,"column":38},"end":{"line":50,"column":62}}],"line":50},"4":{"loc":{"start":{"line":58,"column":2},"end":{"line":60,"column":null}},"type":"if","locations":[{"start":{"line":58,"column":2},"end":{"line":60,"column":null}},{"start":{},"end":{}}],"line":58},"5":{"loc":{"start":{"line":64,"column":4},"end":{"line":65,"column":null}},"type":"binary-expr","locations":[{"start":{"line":64,"column":4},"end":{"line":64,"column":null}},{"start":{"line":65,"column":5},"end":{"line":65,"column":null}}],"line":64},"6":{"loc":{"start":{"line":67,"column":2},"end":{"line":69,"column":null}},"type":"if","locations":[{"start":{"line":67,"column":2},"end":{"line":69,"column":null}},{"start":{},"end":{}}],"line":67},"7":{"loc":{"start":{"line":74,"column":5},"end":{"line":76,"column":null}},"type":"binary-expr","locations":[{"start":{"line":74,"column":5},"end":{"line":74,"column":null}},{"start":{"line":75,"column":5},"end":{"line":75,"column":null}},{"start":{"line":76,"column":4},"end":{"line":76,"column":null}}],"line":74},"8":{"loc":{"start":{"line":79,"column":21},"end":{"line":79,"column":null}},"type":"cond-expr","locations":[{"start":{"line":79,"column":34},"end":{"line":79,"column":47}},{"start":{"line":79,"column":47},"end":{"line":79,"column":null}}],"line":79},"9":{"loc":{"start":{"line":83,"column":11},"end":{"line":83,"column":null}},"type":"binary-expr","locations":[{"start":{"line":83,"column":11},"end":{"line":83,"column":25}},{"start":{"line":83,"column":25},"end":{"line":83,"column":39}},{"start":{"line":83,"column":39},"end":{"line":83,"column":null}}],"line":83},"10":{"loc":{"start":{"line":84,"column":15},"end":{"line":84,"column":null}},"type":"binary-expr","locations":[{"start":{"line":84,"column":15},"end":{"line":84,"column":29}},{"start":{"line":84,"column":29},"end":{"line":84,"column":null}}],"line":84}},"s":{"0":3,"1":3,"2":11,"3":4,"4":0,"5":0,"6":0,"7":0,"8":0,"9":0,"10":0,"11":0,"12":0,"13":0,"14":0,"15":0,"16":0,"17":0,"18":0,"19":0,"20":0,"21":0},"f":{"0":11,"1":4,"2":0},"b":{"0":[4,0],"1":[0,0],"2":[0,0],"3":[0,0],"4":[0,0],"5":[0,0],"6":[0,0],"7":[0,0,0],"8":[0,0],"9":[0,0,0],"10":[0,0]},"meta":{"lastBranch":11,"lastFunction":3,"lastStatement":22,"seen":{"s:6:15:15:Infinity":0,"s:25:24:25:Infinity":1,"f:27:16:27:33":0,"s:28:2:28:Infinity":2,"f:31:16:31:34":1,"s:32:2:32:Infinity":3,"b:32:28:32:67:32:67:32:70":0,"f:35:22:35:33":2,"b:37:2:44:Infinity:undefined:undefined:undefined:undefined":1,"s:37:2:44:Infinity":4,"s:38:4:43:Infinity":5,"s:47:16:47:Infinity":6,"b:50:2:53:Infinity:undefined:undefined:undefined:undefined":2,"s:50:2:53:Infinity":7,"b:50:6:50:38:50:38:50:62":3,"s:51:17:51:Infinity":8,"s:52:4:52:Infinity":9,"s:55:15:55:Infinity":10,"s:56:15:56:Infinity":11,"b:58:2:60:Infinity:undefined:undefined:undefined:undefined":4,"s:58:2:60:Infinity":12,"s:59:4:59:Infinity":13,"s:64:4:65:Infinity":14,"b:64:4:64:Infinity:65:5:65:Infinity":5,"b:67:2:69:Infinity:undefined:undefined:undefined:undefined":6,"s:67:2:69:Infinity":15,"s:68:4:68:Infinity":16,"s:71:8:71:Infinity":17,"s:74:5:76:Infinity":18,"b:74:5:74:Infinity:75:5:75:Infinity:76:4:76:Infinity":7,"s:78:21:78:Infinity":19,"s:79:21:79:Infinity":20,"b:79:34:79:47:79:47:79:Infinity":8,"s:81:2:89:Infinity":21,"b:83:11:83:25:83:25:83:39:83:39:83:Infinity":9,"b:84:15:84:29:84:29:84:Infinity":10}}}
,"/Users/dana/audio-queue/backend/src/routes/auth.ts": {"path":"/Users/dana/audio-queue/backend/src/routes/auth.ts","statementMap":{"0":{"start":{"line":6,"column":6},"end":{"line":6,"column":null}},"1":{"start":{"line":9,"column":0},"end":{"line":38,"column":null}},"2":{"start":{"line":10,"column":28},"end":{"line":10,"column":null}},"3":{"start":{"line":11,"column":2},"end":{"line":14,"column":null}},"4":{"start":{"line":12,"column":4},"end":{"line":12,"column":null}},"5":{"start":{"line":13,"column":4},"end":{"line":13,"column":null}},"6":{"start":{"line":16,"column":17},"end":{"line":16,"column":null}},"7":{"start":{"line":17,"column":2},"end":{"line":20,"column":null}},"8":{"start":{"line":18,"column":4},"end":{"line":18,"column":null}},"9":{"start":{"line":19,"column":4},"end":{"line":19,"column":null}},"10":{"start":{"line":22,"column":2},"end":{"line":37,"column":null}},"11":{"start":{"line":23,"column":27},"end":{"line":23,"column":null}},"12":{"start":{"line":25,"column":17},"end":{"line":29,"column":null}},"13":{"start":{"line":31,"column":18},"end":{"line":31,"column":null}},"14":{"start":{"line":33,"column":4},"end":{"line":33,"column":null}},"15":{"start":{"line":35,"column":4},"end":{"line":35,"column":null}},"16":{"start":{"line":36,"column":4},"end":{"line":36,"column":null}}},"fnMap":{"0":{"name":"(anonymous_0)","decl":{"start":{"line":9,"column":22},"end":{"line":9,"column":29}},"loc":{"start":{"line":9,"column":76},"end":{"line":38,"column":1}},"line":9}},"branchMap":{"0":{"loc":{"start":{"line":11,"column":2},"end":{"line":14,"column":null}},"type":"if","locations":[{"start":{"line":11,"column":2},"end":{"line":14,"column":null}},{"start":{},"end":{}}],"line":11},"1":{"loc":{"start":{"line":17,"column":2},"end":{"line":20,"column":null}},"type":"if","locations":[{"start":{"line":17,"column":2},"end":{"line":20,"column":null}},{"start":{},"end":{}}],"line":17},"2":{"loc":{"start":{"line":27,"column":14},"end":{"line":27,"column":null}},"type":"cond-expr","locations":[{"start":{"line":27,"column":22},"end":{"line":27,"column":34}},{"start":{"line":27,"column":34},"end":{"line":27,"column":null}}],"line":27}},"s":{"0":0,"1":0,"2":0,"3":0,"4":0,"5":0,"6":0,"7":0,"8":0,"9":0,"10":0,"11":0,"12":0,"13":0,"14":0,"15":0,"16":0},"f":{"0":0},"b":{"0":[0,0],"1":[0,0],"2":[0,0]},"meta":{"lastBranch":3,"lastFunction":1,"lastStatement":17,"seen":{"s:6:6:6:Infinity":0,"s:9:0:38:Infinity":1,"f:9:22:9:29":0,"s:10:28:10:Infinity":2,"b:11:2:14:Infinity:undefined:undefined:undefined:undefined":0,"s:11:2:14:Infinity":3,"s:12:4:12:Infinity":4,"s:13:4:13:Infinity":5,"s:16:17:16:Infinity":6,"b:17:2:20:Infinity:undefined:undefined:undefined:undefined":1,"s:17:2:20:Infinity":7,"s:18:4:18:Infinity":8,"s:19:4:19:Infinity":9,"s:22:2:37:Infinity":10,"s:23:27:23:Infinity":11,"s:25:17:29:Infinity":12,"b:27:22:27:34:27:34:27:Infinity":2,"s:31:18:31:Infinity":13,"s:33:4:33:Infinity":14,"s:35:4:35:Infinity":15,"s:36:4:36:Infinity":16}}}
,"/Users/dana/audio-queue/backend/src/routes/queue.ts": {"path":"/Users/dana/audio-queue/backend/src/routes/queue.ts","statementMap":{"0":{"start":{"line":5,"column":6},"end":{"line":5,"column":null}},"1":{"start":{"line":8,"column":0},"end":{"line":14,"column":null}},"2":{"start":{"line":9,"column":16},"end":{"line":12,"column":null}},"3":{"start":{"line":13,"column":2},"end":{"line":13,"column":null}},"4":{"start":{"line":17,"column":0},"end":{"line":43,"column":null}},"5":{"start":{"line":18,"column":18},"end":{"line":18,"column":null}},"6":{"start":{"line":19,"column":2},"end":{"line":22,"column":null}},"7":{"start":{"line":20,"column":4},"end":{"line":20,"column":null}},"8":{"start":{"line":21,"column":4},"end":{"line":21,"column":null}},"9":{"start":{"line":24,"column":15},"end":{"line":28,"column":null}},"10":{"start":{"line":29,"column":8},"end":{"line":29,"column":null}},"11":{"start":{"line":31,"column":15},"end":{"line":39,"column":null}},"12":{"start":{"line":41,"column":2},"end":{"line":41,"column":null}},"13":{"start":{"line":42,"column":2},"end":{"line":42,"column":null}},"14":{"start":{"line":46,"column":0},"end":{"line":57,"column":null}},"15":{"start":{"line":47,"column":17},"end":{"line":47,"column":null}},"16":{"start":{"line":48,"column":15},"end":{"line":50,"column":null}},"17":{"start":{"line":51,"column":2},"end":{"line":54,"column":null}},"18":{"start":{"line":52,"column":4},"end":{"line":52,"column":null}},"19":{"start":{"line":53,"column":4},"end":{"line":53,"column":null}},"20":{"start":{"line":55,"column":2},"end":{"line":55,"column":null}},"21":{"start":{"line":56,"column":2},"end":{"line":56,"column":null}},"22":{"start":{"line":60,"column":0},"end":{"line":76,"column":null}},"23":{"start":{"line":61,"column":20},"end":{"line":61,"column":null}},"24":{"start":{"line":62,"column":2},"end":{"line":65,"column":null}},"25":{"start":{"line":63,"column":4},"end":{"line":63,"column":null}},"26":{"start":{"line":64,"column":4},"end":{"line":64,"column":null}},"27":{"start":{"line":67,"column":2},"end":{"line":74,"column":null}},"28":{"start":{"line":69,"column":6},"end":{"line":72,"column":null}},"29":{"start":{"line":75,"column":2},"end":{"line":75,"column":null}},"30":{"start":{"line":79,"column":0},"end":{"line":96,"column":null}},"31":{"start":{"line":80,"column":17},"end":{"line":80,"column":null}},"32":{"start":{"line":81,"column":25},"end":{"line":81,"column":null}},"33":{"start":{"line":83,"column":15},"end":{"line":85,"column":null}},"34":{"start":{"line":86,"column":2},"end":{"line":89,"column":null}},"35":{"start":{"line":87,"column":4},"end":{"line":87,"column":null}},"36":{"start":{"line":88,"column":4},"end":{"line":88,"column":null}},"37":{"start":{"line":91,"column":18},"end":{"line":94,"column":null}},"38":{"start":{"line":95,"column":2},"end":{"line":95,"column":null}},"39":{"start":{"line":100,"column":2},"end":{"line":127,"column":null}},"40":{"start":{"line":101,"column":21},"end":{"line":101,"column":null}},"41":{"start":{"line":103,"column":23},"end":{"line":103,"column":null}},"42":{"start":{"line":105,"column":4},"end":{"line":117,"column":null}},"43":{"start":{"line":119,"column":4},"end":{"line":119,"column":null}},"44":{"start":{"line":120,"column":4},"end":{"line":126,"column":null}}},"fnMap":{"0":{"name":"(anonymous_0)","decl":{"start":{"line":8,"column":16},"end":{"line":8,"column":23}},"loc":{"start":{"line":8,"column":70},"end":{"line":14,"column":1}},"line":8},"1":{"name":"(anonymous_1)","decl":{"start":{"line":17,"column":17},"end":{"line":17,"column":24}},"loc":{"start":{"line":17,"column":71},"end":{"line":43,"column":1}},"line":17},"2":{"name":"(anonymous_2)","decl":{"start":{"line":46,"column":22},"end":{"line":46,"column":29}},"loc":{"start":{"line":46,"column":76},"end":{"line":57,"column":1}},"line":46},"3":{"name":"(anonymous_3)","decl":{"start":{"line":60,"column":25},"end":{"line":60,"column":32}},"loc":{"start":{"line":60,"column":79},"end":{"line":76,"column":1}},"line":60},"4":{"name":"(anonymous_4)","decl":{"start":{"line":68,"column":14},"end":{"line":68,"column":15}},"loc":{"start":{"line":69,"column":6},"end":{"line":72,"column":null}},"line":69},"5":{"name":"(anonymous_5)","decl":{"start":{"line":79,"column":21},"end":{"line":79,"column":28}},"loc":{"start":{"line":79,"column":75},"end":{"line":96,"column":1}},"line":79},"6":{"name":"resolveInBackground","decl":{"start":{"line":99,"column":15},"end":{"line":99,"column":35}},"loc":{"start":{"line":99,"column":79},"end":{"line":128,"column":null}},"line":99},"7":{"name":"(anonymous_7)","decl":{"start":{"line":126,"column":13},"end":{"line":126,"column":19}},"loc":{"start":{"line":126,"column":19},"end":{"line":126,"column":21}},"line":126}},"branchMap":{"0":{"loc":{"start":{"line":19,"column":2},"end":{"line":22,"column":null}},"type":"if","locations":[{"start":{"line":19,"column":2},"end":{"line":22,"column":null}},{"start":{},"end":{}}],"line":19},"1":{"loc":{"start":{"line":29,"column":20},"end":{"line":29,"column":44}},"type":"binary-expr","locations":[{"start":{"line":29,"column":20},"end":{"line":29,"column":38}},{"start":{"line":29,"column":38},"end":{"line":29,"column":44}}],"line":29},"2":{"loc":{"start":{"line":51,"column":2},"end":{"line":54,"column":null}},"type":"if","locations":[{"start":{"line":51,"column":2},"end":{"line":54,"column":null}},{"start":{},"end":{}}],"line":51},"3":{"loc":{"start":{"line":62,"column":2},"end":{"line":65,"column":null}},"type":"if","locations":[{"start":{"line":62,"column":2},"end":{"line":65,"column":null}},{"start":{},"end":{}}],"line":62},"4":{"loc":{"start":{"line":86,"column":2},"end":{"line":89,"column":null}},"type":"if","locations":[{"start":{"line":86,"column":2},"end":{"line":89,"column":null}},{"start":{},"end":{}}],"line":86},"5":{"loc":{"start":{"line":93,"column":24},"end":{"line":93,"column":54}},"type":"binary-expr","locations":[{"start":{"line":93,"column":24},"end":{"line":93,"column":38}},{"start":{"line":93,"column":38},"end":{"line":93,"column":54}}],"line":93},"6":{"loc":{"start":{"line":103,"column":23},"end":{"line":103,"column":null}},"type":"binary-expr","locations":[{"start":{"line":103,"column":23},"end":{"line":103,"column":60}},{"start":{"line":103,"column":60},"end":{"line":103,"column":null}}],"line":103},"7":{"loc":{"start":{"line":108,"column":15},"end":{"line":108,"column":null}},"type":"binary-expr","locations":[{"start":{"line":108,"column":15},"end":{"line":108,"column":33}},{"start":{"line":108,"column":33},"end":{"line":108,"column":null}}],"line":108},"8":{"loc":{"start":{"line":110,"column":18},"end":{"line":110,"column":null}},"type":"binary-expr","locations":[{"start":{"line":110,"column":18},"end":{"line":110,"column":39}},{"start":{"line":110,"column":39},"end":{"line":110,"column":null}}],"line":110},"9":{"loc":{"start":{"line":111,"column":25},"end":{"line":111,"column":null}},"type":"binary-expr","locations":[{"start":{"line":111,"column":25},"end":{"line":111,"column":53}},{"start":{"line":111,"column":53},"end":{"line":111,"column":null}}],"line":111},"10":{"loc":{"start":{"line":112,"column":22},"end":{"line":112,"column":null}},"type":"binary-expr","locations":[{"start":{"line":112,"column":22},"end":{"line":112,"column":47}},{"start":{"line":112,"column":47},"end":{"line":112,"column":null}}],"line":112},"11":{"loc":{"start":{"line":113,"column":19},"end":{"line":113,"column":null}},"type":"binary-expr","locations":[{"start":{"line":113,"column":19},"end":{"line":113,"column":41}},{"start":{"line":113,"column":41},"end":{"line":113,"column":null}}],"line":113},"12":{"loc":{"start":{"line":114,"column":23},"end":{"line":114,"column":null}},"type":"cond-expr","locations":[{"start":{"line":114,"column":57},"end":{"line":114,"column":70}},{"start":{"line":114,"column":70},"end":{"line":114,"column":null}}],"line":114},"13":{"loc":{"start":{"line":114,"column":23},"end":{"line":114,"column":57}},"type":"binary-expr","locations":[{"start":{"line":114,"column":23},"end":{"line":114,"column":44}},{"start":{"line":114,"column":44},"end":{"line":114,"column":57}}],"line":114},"14":{"loc":{"start":{"line":115,"column":22},"end":{"line":115,"column":null}},"type":"cond-expr","locations":[{"start":{"line":115,"column":56},"end":{"line":115,"column":63}},{"start":{"line":115,"column":63},"end":{"line":115,"column":null}}],"line":115},"15":{"loc":{"start":{"line":115,"column":22},"end":{"line":115,"column":56}},"type":"binary-expr","locations":[{"start":{"line":115,"column":22},"end":{"line":115,"column":43}},{"start":{"line":115,"column":43},"end":{"line":115,"column":56}}],"line":115}},"s":{"0":2,"1":2,"2":1,"3":1,"4":2,"5":2,"6":2,"7":1,"8":1,"9":1,"10":1,"11":2,"12":1,"13":1,"14":2,"15":2,"16":2,"17":2,"18":1,"19":1,"20":1,"21":1,"22":2,"23":2,"24":2,"25":1,"26":1,"27":1,"28":2,"29":1,"30":2,"31":2,"32":2,"33":2,"34":2,"35":1,"36":1,"37":1,"38":1,"39":6,"40":6,"41":5,"42":6,"43":2,"44":2},"f":{"0":1,"1":2,"2":2,"3":2,"4":2,"5":2,"6":6,"7":0},"b":{"0":[1,1],"1":[1,1],"2":[1,1],"3":[1,1],"4":[1,1],"5":[1,0],"6":[5,1],"7":[6,0],"8":[6,2],"9":[6,3],"10":[6,2],"11":[6,2],"12":[3,1],"13":[6,2],"14":[3,1],"15":[6,2]},"meta":{"lastBranch":16,"lastFunction":8,"lastStatement":45,"seen":{"s:5:6:5:Infinity":0,"s:8:0:14:Infinity":1,"f:8:16:8:23":0,"s:9:16:12:Infinity":2,"s:13:2:13:Infinity":3,"s:17:0:43:Infinity":4,"f:17:17:17:24":1,"s:18:18:18:Infinity":5,"b:19:2:22:Infinity:undefined:undefined:undefined:undefined":0,"s:19:2:22:Infinity":6,"s:20:4:20:Infinity":7,"s:21:4:21:Infinity":8,"s:24:15:28:Infinity":9,"s:29:8:29:Infinity":10,"b:29:20:29:38:29:38:29:44":1,"s:31:15:39:Infinity":11,"s:41:2:41:Infinity":12,"s:42:2:42:Infinity":13,"s:46:0:57:Infinity":14,"f:46:22:46:29":2,"s:47:17:47:Infinity":15,"s:48:15:50:Infinity":16,"b:51:2:54:Infinity:undefined:undefined:undefined:undefined":2,"s:51:2:54:Infinity":17,"s:52:4:52:Infinity":18,"s:53:4:53:Infinity":19,"s:55:2:55:Infinity":20,"s:56:2:56:Infinity":21,"s:60:0:76:Infinity":22,"f:60:25:60:32":3,"s:61:20:61:Infinity":23,"b:62:2:65:Infinity:undefined:undefined:undefined:undefined":3,"s:62:2:65:Infinity":24,"s:63:4:63:Infinity":25,"s:64:4:64:Infinity":26,"s:67:2:74:Infinity":27,"f:68:14:68:15":4,"s:69:6:72:Infinity":28,"s:75:2:75:Infinity":29,"s:79:0:96:Infinity":30,"f:79:21:79:28":5,"s:80:17:80:Infinity":31,"s:81:25:81:Infinity":32,"s:83:15:85:Infinity":33,"b:86:2:89:Infinity:undefined:undefined:undefined:undefined":4,"s:86:2:89:Infinity":34,"s:87:4:87:Infinity":35,"s:88:4:88:Infinity":36,"s:91:18:94:Infinity":37,"b:93:24:93:38:93:38:93:54":5,"s:95:2:95:Infinity":38,"f:99:15:99:35":6,"s:100:2:127:Infinity":39,"s:101:21:101:Infinity":40,"s:103:23:103:Infinity":41,"b:103:23:103:60:103:60:103:Infinity":6,"s:105:4:117:Infinity":42,"b:108:15:108:33:108:33:108:Infinity":7,"b:110:18:110:39:110:39:110:Infinity":8,"b:111:25:111:53:111:53:111:Infinity":9,"b:112:22:112:47:112:47:112:Infinity":10,"b:113:19:113:41:113:41:113:Infinity":11,"b:114:57:114:70:114:70:114:Infinity":12,"b:114:23:114:44:114:44:114:57":13,"b:115:56:115:63:115:63:115:Infinity":14,"b:115:22:115:43:115:43:115:56":15,"s:119:4:119:Infinity":43,"s:120:4:126:Infinity":44,"f:126:13:126:19":7}}}
,"/Users/dana/audio-queue/backend/src/routes/resolve.ts": {"path":"/Users/dana/audio-queue/backend/src/routes/resolve.ts","statementMap":{"0":{"start":{"line":4,"column":6},"end":{"line":4,"column":null}},"1":{"start":{"line":7,"column":0},"end":{"line":23,"column":null}},"2":{"start":{"line":8,"column":18},"end":{"line":8,"column":null}},"3":{"start":{"line":10,"column":2},"end":{"line":12,"column":null}},"4":{"start":{"line":11,"column":4},"end":{"line":11,"column":null}},"5":{"start":{"line":14,"column":2},"end":{"line":14,"column":null}},"6":{"start":{"line":15,"column":2},"end":{"line":22,"column":null}},"7":{"start":{"line":16,"column":19},"end":{"line":16,"column":null}},"8":{"start":{"line":17,"column":4},"end":{"line":17,"column":null}},"9":{"start":{"line":18,"column":4},"end":{"line":18,"column":null}},"10":{"start":{"line":20,"column":4},"end":{"line":20,"column":null}},"11":{"start":{"line":21,"column":4},"end":{"line":21,"column":null}},"12":{"start":{"line":26,"column":0},"end":{"line":58,"column":null}},"13":{"start":{"line":27,"column":19},"end":{"line":27,"column":null}},"14":{"start":{"line":29,"column":2},"end":{"line":31,"column":null}},"15":{"start":{"line":30,"column":4},"end":{"line":30,"column":null}},"16":{"start":{"line":33,"column":2},"end":{"line":35,"column":null}},"17":{"start":{"line":34,"column":4},"end":{"line":34,"column":null}},"18":{"start":{"line":37,"column":2},"end":{"line":57,"column":null}},"19":{"start":{"line":38,"column":20},"end":{"line":40,"column":null}},"20":{"start":{"line":39,"column":16},"end":{"line":39,"column":44}},"21":{"start":{"line":42,"column":18},"end":{"line":51,"column":null}},"22":{"start":{"line":43,"column":6},"end":{"line":43,"column":null}},"23":{"start":{"line":43,"column":36},"end":{"line":43,"column":null}},"24":{"start":{"line":44,"column":6},"end":{"line":44,"column":null}},"25":{"start":{"line":45,"column":6},"end":{"line":50,"column":null}},"26":{"start":{"line":53,"column":4},"end":{"line":53,"column":null}},"27":{"start":{"line":55,"column":4},"end":{"line":55,"column":null}},"28":{"start":{"line":56,"column":4},"end":{"line":56,"column":null}}},"fnMap":{"0":{"name":"(anonymous_0)","decl":{"start":{"line":7,"column":17},"end":{"line":7,"column":24}},"loc":{"start":{"line":7,"column":56},"end":{"line":23,"column":1}},"line":7},"1":{"name":"(anonymous_1)","decl":{"start":{"line":26,"column":22},"end":{"line":26,"column":29}},"loc":{"start":{"line":26,"column":61},"end":{"line":58,"column":1}},"line":26},"2":{"name":"(anonymous_2)","decl":{"start":{"line":39,"column":15},"end":{"line":39,"column":16}},"loc":{"start":{"line":39,"column":16},"end":{"line":39,"column":44}},"line":39},"3":{"name":"(anonymous_3)","decl":{"start":{"line":42,"column":30},"end":{"line":42,"column":31}},"loc":{"start":{"line":42,"column":40},"end":{"line":51,"column":5}},"line":42}},"branchMap":{"0":{"loc":{"start":{"line":10,"column":2},"end":{"line":12,"column":null}},"type":"if","locations":[{"start":{"line":10,"column":2},"end":{"line":12,"column":null}},{"start":{},"end":{}}],"line":10},"1":{"loc":{"start":{"line":10,"column":6},"end":{"line":10,"column":39}},"type":"binary-expr","locations":[{"start":{"line":10,"column":6},"end":{"line":10,"column":14}},{"start":{"line":10,"column":14},"end":{"line":10,"column":39}}],"line":10},"2":{"loc":{"start":{"line":17,"column":73},"end":{"line":17,"column":98}},"type":"binary-expr","locations":[{"start":{"line":17,"column":73},"end":{"line":17,"column":92}},{"start":{"line":17,"column":92},"end":{"line":17,"column":98}}],"line":17},"3":{"loc":{"start":{"line":29,"column":2},"end":{"line":31,"column":null}},"type":"if","locations":[{"start":{"line":29,"column":2},"end":{"line":31,"column":null}},{"start":{},"end":{}}],"line":29},"4":{"loc":{"start":{"line":29,"column":6},"end":{"line":29,"column":49}},"type":"binary-expr","locations":[{"start":{"line":29,"column":6},"end":{"line":29,"column":30}},{"start":{"line":29,"column":30},"end":{"line":29,"column":49}}],"line":29},"5":{"loc":{"start":{"line":33,"column":2},"end":{"line":35,"column":null}},"type":"if","locations":[{"start":{"line":33,"column":2},"end":{"line":35,"column":null}},{"start":{},"end":{}}],"line":33},"6":{"loc":{"start":{"line":43,"column":6},"end":{"line":43,"column":null}},"type":"if","locations":[{"start":{"line":43,"column":6},"end":{"line":43,"column":null}},{"start":{},"end":{}}],"line":43}},"s":{"0":0,"1":0,"2":0,"3":0,"4":0,"5":0,"6":0,"7":0,"8":0,"9":0,"10":0,"11":0,"12":0,"13":0,"14":0,"15":0,"16":0,"17":0,"18":0,"19":0,"20":0,"21":0,"22":0,"23":0,"24":0,"25":0,"26":0,"27":0,"28":0},"f":{"0":0,"1":0,"2":0,"3":0},"b":{"0":[0,0],"1":[0,0],"2":[0,0],"3":[0,0],"4":[0,0],"5":[0,0],"6":[0,0]},"meta":{"lastBranch":7,"lastFunction":4,"lastStatement":29,"seen":{"s:4:6:4:Infinity":0,"s:7:0:23:Infinity":1,"f:7:17:7:24":0,"s:8:18:8:Infinity":2,"b:10:2:12:Infinity:undefined:undefined:undefined:undefined":0,"s:10:2:12:Infinity":3,"b:10:6:10:14:10:14:10:39":1,"s:11:4:11:Infinity":4,"s:14:2:14:Infinity":5,"s:15:2:22:Infinity":6,"s:16:19:16:Infinity":7,"s:17:4:17:Infinity":8,"b:17:73:17:92:17:92:17:98":2,"s:18:4:18:Infinity":9,"s:20:4:20:Infinity":10,"s:21:4:21:Infinity":11,"s:26:0:58:Infinity":12,"f:26:22:26:29":1,"s:27:19:27:Infinity":13,"b:29:2:31:Infinity:undefined:undefined:undefined:undefined":3,"s:29:2:31:Infinity":14,"b:29:6:29:30:29:30:29:49":4,"s:30:4:30:Infinity":15,"b:33:2:35:Infinity:undefined:undefined:undefined:undefined":5,"s:33:2:35:Infinity":16,"s:34:4:34:Infinity":17,"s:37:2:57:Infinity":18,"s:38:20:40:Infinity":19,"f:39:15:39:16":2,"s:39:16:39:44":20,"s:42:18:51:Infinity":21,"f:42:30:42:31":3,"b:43:6:43:Infinity:undefined:undefined:undefined:undefined":6,"s:43:6:43:Infinity":22,"s:43:36:43:Infinity":23,"s:44:6:44:Infinity":24,"s:45:6:50:Infinity":25,"s:53:4:53:Infinity":26,"s:55:4:55:Infinity":27,"s:56:4:56:Infinity":28}}}
,"/Users/dana/audio-queue/backend/src/utils/appleAuth.ts": {"path":"/Users/dana/audio-queue/backend/src/utils/appleAuth.ts","statementMap":{"0":{"start":{"line":4,"column":23},"end":{"line":4,"column":null}},"1":{"start":{"line":6,"column":6},"end":{"line":11,"column":null}},"2":{"start":{"line":19,"column":19},"end":{"line":19,"column":null}},"3":{"start":{"line":20,"column":2},"end":{"line":20,"column":null}},"4":{"start":{"line":20,"column":17},"end":{"line":20,"column":null}},"5":{"start":{"line":23,"column":18},"end":{"line":23,"column":null}},"6":{"start":{"line":24,"column":2},"end":{"line":26,"column":null}},"7":{"start":{"line":25,"column":4},"end":{"line":25,"column":null}},"8":{"start":{"line":28,"column":14},"end":{"line":28,"column":null}},"9":{"start":{"line":29,"column":20},"end":{"line":29,"column":null}},"10":{"start":{"line":31,"column":18},"end":{"line":35,"column":null}},"11":{"start":{"line":37,"column":2},"end":{"line":37,"column":null}},"12":{"start":{"line":37,"column":20},"end":{"line":37,"column":null}},"13":{"start":{"line":39,"column":2},"end":{"line":39,"column":null}}},"fnMap":{"0":{"name":"verifyAppleToken","decl":{"start":{"line":18,"column":22},"end":{"line":18,"column":39}},"loc":{"start":{"line":18,"column":90},"end":{"line":40,"column":null}},"line":18}},"branchMap":{"0":{"loc":{"start":{"line":20,"column":2},"end":{"line":20,"column":null}},"type":"if","locations":[{"start":{"line":20,"column":2},"end":{"line":20,"column":null}},{"start":{},"end":{}}],"line":20},"1":{"loc":{"start":{"line":24,"column":2},"end":{"line":26,"column":null}},"type":"if","locations":[{"start":{"line":24,"column":2},"end":{"line":26,"column":null}},{"start":{},"end":{}}],"line":24},"2":{"loc":{"start":{"line":24,"column":6},"end":{"line":24,"column":70}},"type":"binary-expr","locations":[{"start":{"line":24,"column":6},"end":{"line":24,"column":18}},{"start":{"line":24,"column":18},"end":{"line":24,"column":49}},{"start":{"line":24,"column":49},"end":{"line":24,"column":70}}],"line":24},"3":{"loc":{"start":{"line":37,"column":2},"end":{"line":37,"column":null}},"type":"if","locations":[{"start":{"line":37,"column":2},"end":{"line":37,"column":null}},{"start":{},"end":{}}],"line":37}},"s":{"0":0,"1":0,"2":0,"3":0,"4":0,"5":0,"6":0,"7":0,"8":0,"9":0,"10":0,"11":0,"12":0,"13":0},"f":{"0":0},"b":{"0":[0,0],"1":[0,0],"2":[0,0,0],"3":[0,0]},"meta":{"lastBranch":4,"lastFunction":1,"lastStatement":14,"seen":{"s:4:23:4:Infinity":0,"s:6:6:11:Infinity":1,"f:18:22:18:39":0,"s:19:19:19:Infinity":2,"b:20:2:20:Infinity:undefined:undefined:undefined:undefined":0,"s:20:2:20:Infinity":3,"s:20:17:20:Infinity":4,"s:23:18:23:Infinity":5,"b:24:2:26:Infinity:undefined:undefined:undefined:undefined":1,"s:24:2:26:Infinity":6,"b:24:6:24:18:24:18:24:49:24:49:24:70":2,"s:25:4:25:Infinity":7,"s:28:14:28:Infinity":8,"s:29:20:29:Infinity":9,"s:31:18:35:Infinity":10,"b:37:2:37:Infinity:undefined:undefined:undefined:undefined":3,"s:37:2:37:Infinity":11,"s:37:20:37:Infinity":12,"s:39:2:39:Infinity":13}}}
,"/Users/dana/audio-queue/backend/src/utils/fetchWithTimeout.ts": {"path":"/Users/dana/audio-queue/backend/src/utils/fetchWithTimeout.ts","statementMap":{"0":{"start":{"line":10,"column":21},"end":{"line":10,"column":null}},"1":{"start":{"line":11,"column":16},"end":{"line":11,"column":null}},"2":{"start":{"line":11,"column":33},"end":{"line":11,"column":53}},"3":{"start":{"line":13,"column":2},"end":{"line":18,"column":null}},"4":{"start":{"line":14,"column":21},"end":{"line":14,"column":null}},"5":{"start":{"line":15,"column":4},"end":{"line":15,"column":null}},"6":{"start":{"line":17,"column":4},"end":{"line":17,"column":null}}},"fnMap":{"0":{"name":"fetchWithTimeout","decl":{"start":{"line":5,"column":22},"end":{"line":5,"column":null}},"loc":{"start":{"line":9,"column":21},"end":{"line":19,"column":null}},"line":9},"1":{"name":"(anonymous_1)","decl":{"start":{"line":11,"column":27},"end":{"line":11,"column":33}},"loc":{"start":{"line":11,"column":33},"end":{"line":11,"column":53}},"line":11}},"branchMap":{"0":{"loc":{"start":{"line":7,"column":2},"end":{"line":7,"column":null}},"type":"default-arg","locations":[{"start":{"line":7,"column":25},"end":{"line":7,"column":null}}],"line":7},"1":{"loc":{"start":{"line":8,"column":2},"end":{"line":8,"column":null}},"type":"default-arg","locations":[{"start":{"line":8,"column":7},"end":{"line":8,"column":null}}],"line":8}},"s":{"0":0,"1":0,"2":0,"3":0,"4":0,"5":0,"6":0},"f":{"0":0,"1":0},"b":{"0":[0],"1":[0]},"meta":{"lastBranch":2,"lastFunction":2,"lastStatement":7,"seen":{"f:5:22:5:Infinity":0,"b:7:25:7:Infinity":0,"b:8:7:8:Infinity":1,"s:10:21:10:Infinity":0,"s:11:16:11:Infinity":1,"f:11:27:11:33":1,"s:11:33:11:53":2,"s:13:2:18:Infinity":3,"s:14:21:14:Infinity":4,"s:15:4:15:Infinity":5,"s:17:4:17:Infinity":6}}}
,"/Users/dana/audio-queue/backend/src/utils/parseDuration.ts": {"path":"/Users/dana/audio-queue/backend/src/utils/parseDuration.ts","statementMap":{"0":{"start":{"line":5,"column":2},"end":{"line":5,"column":null}},"1":{"start":{"line":5,"column":19},"end":{"line":5,"column":null}},"2":{"start":{"line":6,"column":2},"end":{"line":6,"column":null}},"3":{"start":{"line":6,"column":31},"end":{"line":6,"column":null}},"4":{"start":{"line":8,"column":16},"end":{"line":8,"column":null}},"5":{"start":{"line":9,"column":2},"end":{"line":9,"column":null}},"6":{"start":{"line":9,"column":25},"end":{"line":9,"column":null}},"7":{"start":{"line":11,"column":2},"end":{"line":11,"column":null}},"8":{"start":{"line":11,"column":26},"end":{"line":11,"column":null}},"9":{"start":{"line":12,"column":2},"end":{"line":12,"column":null}},"10":{"start":{"line":12,"column":26},"end":{"line":12,"column":null}},"11":{"start":{"line":13,"column":2},"end":{"line":13,"column":null}},"12":{"start":{"line":13,"column":26},"end":{"line":13,"column":null}},"13":{"start":{"line":15,"column":2},"end":{"line":15,"column":null}}},"fnMap":{"0":{"name":"parseDuration","decl":{"start":{"line":4,"column":16},"end":{"line":4,"column":30}},"loc":{"start":{"line":4,"column":84},"end":{"line":16,"column":null}},"line":4}},"branchMap":{"0":{"loc":{"start":{"line":5,"column":2},"end":{"line":5,"column":null}},"type":"if","locations":[{"start":{"line":5,"column":2},"end":{"line":5,"column":null}},{"start":{},"end":{}}],"line":5},"1":{"loc":{"start":{"line":6,"column":2},"end":{"line":6,"column":null}},"type":"if","locations":[{"start":{"line":6,"column":2},"end":{"line":6,"column":null}},{"start":{},"end":{}}],"line":6},"2":{"loc":{"start":{"line":9,"column":2},"end":{"line":9,"column":null}},"type":"if","locations":[{"start":{"line":9,"column":2},"end":{"line":9,"column":null}},{"start":{},"end":{}}],"line":9},"3":{"loc":{"start":{"line":11,"column":2},"end":{"line":11,"column":null}},"type":"if","locations":[{"start":{"line":11,"column":2},"end":{"line":11,"column":null}},{"start":{},"end":{}}],"line":11},"4":{"loc":{"start":{"line":12,"column":2},"end":{"line":12,"column":null}},"type":"if","locations":[{"start":{"line":12,"column":2},"end":{"line":12,"column":null}},{"start":{},"end":{}}],"line":12},"5":{"loc":{"start":{"line":13,"column":2},"end":{"line":13,"column":null}},"type":"if","locations":[{"start":{"line":13,"column":2},"end":{"line":13,"column":null}},{"start":{},"end":{}}],"line":13}},"s":{"0":10,"1":2,"2":8,"3":1,"4":7,"5":7,"6":2,"7":5,"8":5,"9":3,"10":3,"11":1,"12":1,"13":0},"f":{"0":10},"b":{"0":[2,8],"1":[1,7],"2":[2,5],"3":[2,3],"4":[2,1],"5":[1,0]},"meta":{"lastBranch":6,"lastFunction":1,"lastStatement":14,"seen":{"f:4:16:4:30":0,"b:5:2:5:Infinity:undefined:undefined:undefined:undefined":0,"s:5:2:5:Infinity":0,"s:5:19:5:Infinity":1,"b:6:2:6:Infinity:undefined:undefined:undefined:undefined":1,"s:6:2:6:Infinity":2,"s:6:31:6:Infinity":3,"s:8:16:8:Infinity":4,"b:9:2:9:Infinity:undefined:undefined:undefined:undefined":2,"s:9:2:9:Infinity":5,"s:9:25:9:Infinity":6,"b:11:2:11:Infinity:undefined:undefined:undefined:undefined":3,"s:11:2:11:Infinity":7,"s:11:26:11:Infinity":8,"b:12:2:12:Infinity:undefined:undefined:undefined:undefined":4,"s:12:2:12:Infinity":9,"s:12:26:12:Infinity":10,"b:13:2:13:Infinity:undefined:undefined:undefined:undefined":5,"s:13:2:13:Infinity":11,"s:13:26:13:Infinity":12,"s:15:2:15:Infinity":13}}}
,"/Users/dana/audio-queue/backend/src/utils/ytdlp.ts": {"path":"/Users/dana/audio-queue/backend/src/utils/ytdlp.ts","statementMap":{"0":{"start":{"line":4,"column":6},"end":{"line":4,"column":null}},"1":{"start":{"line":22,"column":16},"end":{"line":22,"column":null}},"2":{"start":{"line":23,"column":2},"end":{"line":23,"column":null}},"3":{"start":{"line":23,"column":13},"end":{"line":23,"column":null}},"4":{"start":{"line":25,"column":15},"end":{"line":27,"column":null}},"5":{"start":{"line":28,"column":2},"end":{"line":28,"column":null}},"6":{"start":{"line":28,"column":12},"end":{"line":28,"column":null}},"7":{"start":{"line":30,"column":2},"end":{"line":30,"column":null}},"8":{"start":{"line":42,"column":15},"end":{"line":50,"column":null}},"9":{"start":{"line":52,"column":21},"end":{"line":55,"column":null}},"10":{"start":{"line":57,"column":15},"end":{"line":57,"column":null}},"11":{"start":{"line":59,"column":2},"end":{"line":61,"column":null}},"12":{"start":{"line":60,"column":4},"end":{"line":60,"column":null}},"13":{"start":{"line":63,"column":2},"end":{"line":63,"column":null}}},"fnMap":{"0":{"name":"extractYouTubeId","decl":{"start":{"line":21,"column":16},"end":{"line":21,"column":33}},"loc":{"start":{"line":21,"column":61},"end":{"line":31,"column":null}},"line":21},"1":{"name":"execYtDlp","decl":{"start":{"line":41,"column":22},"end":{"line":41,"column":32}},"loc":{"start":{"line":41,"column":85},"end":{"line":64,"column":null}},"line":41}},"branchMap":{"0":{"loc":{"start":{"line":23,"column":2},"end":{"line":23,"column":null}},"type":"if","locations":[{"start":{"line":23,"column":2},"end":{"line":23,"column":null}},{"start":{},"end":{}}],"line":23},"1":{"loc":{"start":{"line":28,"column":2},"end":{"line":28,"column":null}},"type":"if","locations":[{"start":{"line":28,"column":2},"end":{"line":28,"column":null}},{"start":{},"end":{}}],"line":28},"2":{"loc":{"start":{"line":41,"column":45},"end":{"line":41,"column":85}},"type":"default-arg","locations":[{"start":{"line":41,"column":57},"end":{"line":41,"column":85}}],"line":41},"3":{"loc":{"start":{"line":59,"column":2},"end":{"line":61,"column":null}},"type":"if","locations":[{"start":{"line":59,"column":2},"end":{"line":61,"column":null}},{"start":{},"end":{}}],"line":59}},"s":{"0":3,"1":11,"2":11,"3":3,"4":8,"5":8,"6":5,"7":3,"8":0,"9":0,"10":0,"11":0,"12":0,"13":0},"f":{"0":11,"1":0},"b":{"0":[3,8],"1":[5,3],"2":[0],"3":[0,0]},"meta":{"lastBranch":4,"lastFunction":2,"lastStatement":14,"seen":{"s:4:6:4:Infinity":0,"f:21:16:21:33":0,"s:22:16:22:Infinity":1,"b:23:2:23:Infinity:undefined:undefined:undefined:undefined":0,"s:23:2:23:Infinity":2,"s:23:13:23:Infinity":3,"s:25:15:27:Infinity":4,"b:28:2:28:Infinity:undefined:undefined:undefined:undefined":1,"s:28:2:28:Infinity":5,"s:28:12:28:Infinity":6,"s:30:2:30:Infinity":7,"f:41:22:41:32":1,"b:41:57:41:85":2,"s:42:15:50:Infinity":8,"s:52:21:55:Infinity":9,"s:57:15:57:Infinity":10,"b:59:2:61:Infinity:undefined:undefined:undefined:undefined":3,"s:59:2:61:Infinity":11,"s:60:4:60:Infinity":12,"s:63:2:63:Infinity":13}}}
}
